CRITICAL - 2025-09-01 16:53:41 --> CodeIgniter\View\Exceptions\ViewException: Invalid file: "admin/products/index.php"
[Method: GET, Route: admin/products]
in SYSTEMPATH\Exceptions\FrameworkException.php on line 39.
 1 SYSTEMPATH\View\View.php(214): CodeIgniter\Exceptions\FrameworkException::forInvalidFile('admin/products/index.php')
 2 SYSTEMPATH\Common.php(1167): CodeIgniter\View\View->render('admin/products/index', [], true)
 3 APPPATH\Controllers\Admin\Products.php(27): view('admin/products/index', [...])
 4 SYSTEMPATH\CodeIgniter.php(933): App\Controllers\Admin\Products->index()
 5 SYSTEMPATH\CodeIgniter.php(507): CodeIgniter\CodeIgniter->runController(Object(App\Controllers\Admin\Products))
 6 SYSTEMPATH\CodeIgniter.php(354): CodeIgniter\CodeIgniter->handleRequest(null, Object(Config\Cache), false)
 7 SYSTEMPATH\Boot.php(363): CodeIgniter\CodeIgniter->run()
 8 SYSTEMPATH\Boot.php(68): CodeIgniter\Boot::runCodeIgniter(Object(CodeIgniter\CodeIgniter))
 9 FCPATH\index.php(59): CodeIgniter\Boot::bootWeb(Object(Config\Paths))
CRITICAL - 2025-09-01 16:54:25 --> CodeIgniter\View\Exceptions\ViewException: Invalid file: "admin/orders/index.php"
[Method: GET, Route: admin/orders]
in SYSTEMPATH\Exceptions\FrameworkException.php on line 39.
 1 SYSTEMPATH\View\View.php(214): CodeIgniter\Exceptions\FrameworkException::forInvalidFile('admin/orders/index.php')
 2 SYSTEMPATH\Common.php(1167): CodeIgniter\View\View->render('admin/orders/index', [], true)
 3 APPPATH\Controllers\Admin\Orders.php(24): view('admin/orders/index', [...])
 4 SYSTEMPATH\CodeIgniter.php(933): App\Controllers\Admin\Orders->index()
 5 SYSTEMPATH\CodeIgniter.php(507): CodeIgniter\CodeIgniter->runController(Object(App\Controllers\Admin\Orders))
 6 SYSTEMPATH\CodeIgniter.php(354): CodeIgniter\CodeIgniter->handleRequest(null, Object(Config\Cache), false)
 7 SYSTEMPATH\Boot.php(363): CodeIgniter\CodeIgniter->run()
 8 SYSTEMPATH\Boot.php(68): CodeIgniter\Boot::runCodeIgniter(Object(CodeIgniter\CodeIgniter))
 9 FCPATH\index.php(59): CodeIgniter\Boot::bootWeb(Object(Config\Paths))
CRITICAL - 2025-09-01 16:54:29 --> CodeIgniter\View\Exceptions\ViewException: Invalid file: "admin/pages/index.php"
[Method: GET, Route: admin/pages]
in SYSTEMPATH\Exceptions\FrameworkException.php on line 39.
 1 SYSTEMPATH\View\View.php(214): CodeIgniter\Exceptions\FrameworkException::forInvalidFile('admin/pages/index.php')
 2 SYSTEMPATH\Common.php(1167): CodeIgniter\View\View->render('admin/pages/index', [], true)
 3 APPPATH\Controllers\Admin\Pages.php(24): view('admin/pages/index', [...])
 4 SYSTEMPATH\CodeIgniter.php(933): App\Controllers\Admin\Pages->index()
 5 SYSTEMPATH\CodeIgniter.php(507): CodeIgniter\CodeIgniter->runController(Object(App\Controllers\Admin\Pages))
 6 SYSTEMPATH\CodeIgniter.php(354): CodeIgniter\CodeIgniter->handleRequest(null, Object(Config\Cache), false)
 7 SYSTEMPATH\Boot.php(363): CodeIgniter\CodeIgniter->run()
 8 SYSTEMPATH\Boot.php(68): CodeIgniter\Boot::runCodeIgniter(Object(CodeIgniter\CodeIgniter))
 9 FCPATH\index.php(59): CodeIgniter\Boot::bootWeb(Object(Config\Paths))
CRITICAL - 2025-09-01 16:54:35 --> CodeIgniter\View\Exceptions\ViewException: Invalid file: "admin/pages/index.php"
[Method: GET, Route: admin/pages]
in SYSTEMPATH\Exceptions\FrameworkException.php on line 39.
 1 SYSTEMPATH\View\View.php(214): CodeIgniter\Exceptions\FrameworkException::forInvalidFile('admin/pages/index.php')
 2 SYSTEMPATH\Common.php(1167): CodeIgniter\View\View->render('admin/pages/index', [], true)
 3 APPPATH\Controllers\Admin\Pages.php(24): view('admin/pages/index', [...])
 4 SYSTEMPATH\CodeIgniter.php(933): App\Controllers\Admin\Pages->index()
 5 SYSTEMPATH\CodeIgniter.php(507): CodeIgniter\CodeIgniter->runController(Object(App\Controllers\Admin\Pages))
 6 SYSTEMPATH\CodeIgniter.php(354): CodeIgniter\CodeIgniter->handleRequest(null, Object(Config\Cache), false)
 7 SYSTEMPATH\Boot.php(363): CodeIgniter\CodeIgniter->run()
 8 SYSTEMPATH\Boot.php(68): CodeIgniter\Boot::runCodeIgniter(Object(CodeIgniter\CodeIgniter))
 9 FCPATH\index.php(59): CodeIgniter\Boot::bootWeb(Object(Config\Paths))
CRITICAL - 2025-09-01 16:54:44 --> CodeIgniter\View\Exceptions\ViewException: Invalid file: "admin/pages/index.php"
[Method: GET, Route: admin/pages]
in SYSTEMPATH\Exceptions\FrameworkException.php on line 39.
 1 SYSTEMPATH\View\View.php(214): CodeIgniter\Exceptions\FrameworkException::forInvalidFile('admin/pages/index.php')
 2 SYSTEMPATH\Common.php(1167): CodeIgniter\View\View->render('admin/pages/index', [], true)
 3 APPPATH\Controllers\Admin\Pages.php(24): view('admin/pages/index', [...])
 4 SYSTEMPATH\CodeIgniter.php(933): App\Controllers\Admin\Pages->index()
 5 SYSTEMPATH\CodeIgniter.php(507): CodeIgniter\CodeIgniter->runController(Object(App\Controllers\Admin\Pages))
 6 SYSTEMPATH\CodeIgniter.php(354): CodeIgniter\CodeIgniter->handleRequest(null, Object(Config\Cache), false)
 7 SYSTEMPATH\Boot.php(363): CodeIgniter\CodeIgniter->run()
 8 SYSTEMPATH\Boot.php(68): CodeIgniter\Boot::runCodeIgniter(Object(CodeIgniter\CodeIgniter))
 9 FCPATH\index.php(59): CodeIgniter\Boot::bootWeb(Object(Config\Paths))
CRITICAL - 2025-09-01 16:54:49 --> CodeIgniter\View\Exceptions\ViewException: Invalid file: "admin/pages/index.php"
[Method: GET, Route: admin/pages]
in SYSTEMPATH\Exceptions\FrameworkException.php on line 39.
 1 SYSTEMPATH\View\View.php(214): CodeIgniter\Exceptions\FrameworkException::forInvalidFile('admin/pages/index.php')
 2 SYSTEMPATH\Common.php(1167): CodeIgniter\View\View->render('admin/pages/index', [], true)
 3 APPPATH\Controllers\Admin\Pages.php(24): view('admin/pages/index', [...])
 4 SYSTEMPATH\CodeIgniter.php(933): App\Controllers\Admin\Pages->index()
 5 SYSTEMPATH\CodeIgniter.php(507): CodeIgniter\CodeIgniter->runController(Object(App\Controllers\Admin\Pages))
 6 SYSTEMPATH\CodeIgniter.php(354): CodeIgniter\CodeIgniter->handleRequest(null, Object(Config\Cache), false)
 7 SYSTEMPATH\Boot.php(363): CodeIgniter\CodeIgniter->run()
 8 SYSTEMPATH\Boot.php(68): CodeIgniter\Boot::runCodeIgniter(Object(CodeIgniter\CodeIgniter))
 9 FCPATH\index.php(59): CodeIgniter\Boot::bootWeb(Object(Config\Paths))
CRITICAL - 2025-09-01 16:54:56 --> CodeIgniter\View\Exceptions\ViewException: Invalid file: "admin/pages/index.php"
[Method: GET, Route: admin/pages]
in SYSTEMPATH\Exceptions\FrameworkException.php on line 39.
 1 SYSTEMPATH\View\View.php(214): CodeIgniter\Exceptions\FrameworkException::forInvalidFile('admin/pages/index.php')
 2 SYSTEMPATH\Common.php(1167): CodeIgniter\View\View->render('admin/pages/index', [], true)
 3 APPPATH\Controllers\Admin\Pages.php(24): view('admin/pages/index', [...])
 4 SYSTEMPATH\CodeIgniter.php(933): App\Controllers\Admin\Pages->index()
 5 SYSTEMPATH\CodeIgniter.php(507): CodeIgniter\CodeIgniter->runController(Object(App\Controllers\Admin\Pages))
 6 SYSTEMPATH\CodeIgniter.php(354): CodeIgniter\CodeIgniter->handleRequest(null, Object(Config\Cache), false)
 7 SYSTEMPATH\Boot.php(363): CodeIgniter\CodeIgniter->run()
 8 SYSTEMPATH\Boot.php(68): CodeIgniter\Boot::runCodeIgniter(Object(CodeIgniter\CodeIgniter))
 9 FCPATH\index.php(59): CodeIgniter\Boot::bootWeb(Object(Config\Paths))
CRITICAL - 2025-09-01 16:56:05 --> CodeIgniter\View\Exceptions\ViewException: Invalid file: "admin/pages/index.php"
[Method: GET, Route: admin/pages]
in SYSTEMPATH\Exceptions\FrameworkException.php on line 39.
 1 SYSTEMPATH\View\View.php(214): CodeIgniter\Exceptions\FrameworkException::forInvalidFile('admin/pages/index.php')
 2 SYSTEMPATH\Common.php(1167): CodeIgniter\View\View->render('admin/pages/index', [], true)
 3 APPPATH\Controllers\Admin\Pages.php(24): view('admin/pages/index', [...])
 4 SYSTEMPATH\CodeIgniter.php(933): App\Controllers\Admin\Pages->index()
 5 SYSTEMPATH\CodeIgniter.php(507): CodeIgniter\CodeIgniter->runController(Object(App\Controllers\Admin\Pages))
 6 SYSTEMPATH\CodeIgniter.php(354): CodeIgniter\CodeIgniter->handleRequest(null, Object(Config\Cache), false)
 7 SYSTEMPATH\Boot.php(363): CodeIgniter\CodeIgniter->run()
 8 SYSTEMPATH\Boot.php(68): CodeIgniter\Boot::runCodeIgniter(Object(CodeIgniter\CodeIgniter))
 9 FCPATH\index.php(59): CodeIgniter\Boot::bootWeb(Object(Config\Paths))
CRITICAL - 2025-09-01 16:56:19 --> CodeIgniter\View\Exceptions\ViewException: Invalid file: "admin/products/index.php"
[Method: GET, Route: admin/products]
in SYSTEMPATH\Exceptions\FrameworkException.php on line 39.
 1 SYSTEMPATH\View\View.php(214): CodeIgniter\Exceptions\FrameworkException::forInvalidFile('admin/products/index.php')
 2 SYSTEMPATH\Common.php(1167): CodeIgniter\View\View->render('admin/products/index', [], true)
 3 APPPATH\Controllers\Admin\Products.php(27): view('admin/products/index', [...])
 4 SYSTEMPATH\CodeIgniter.php(933): App\Controllers\Admin\Products->index()
 5 SYSTEMPATH\CodeIgniter.php(507): CodeIgniter\CodeIgniter->runController(Object(App\Controllers\Admin\Products))
 6 SYSTEMPATH\CodeIgniter.php(354): CodeIgniter\CodeIgniter->handleRequest(null, Object(Config\Cache), false)
 7 SYSTEMPATH\Boot.php(363): CodeIgniter\CodeIgniter->run()
 8 SYSTEMPATH\Boot.php(68): CodeIgniter\Boot::runCodeIgniter(Object(CodeIgniter\CodeIgniter))
 9 FCPATH\index.php(59): CodeIgniter\Boot::bootWeb(Object(Config\Paths))
CRITICAL - 2025-09-01 16:58:55 --> CodeIgniter\View\Exceptions\ViewException: Invalid file: "admin/products/index.php"
[Method: GET, Route: admin/products]
in SYSTEMPATH\Exceptions\FrameworkException.php on line 39.
 1 SYSTEMPATH\View\View.php(214): CodeIgniter\Exceptions\FrameworkException::forInvalidFile('admin/products/index.php')
 2 SYSTEMPATH\Common.php(1167): CodeIgniter\View\View->render('admin/products/index', [], true)
 3 APPPATH\Controllers\Admin\Products.php(27): view('admin/products/index', [...])
 4 SYSTEMPATH\CodeIgniter.php(933): App\Controllers\Admin\Products->index()
 5 SYSTEMPATH\CodeIgniter.php(507): CodeIgniter\CodeIgniter->runController(Object(App\Controllers\Admin\Products))
 6 SYSTEMPATH\CodeIgniter.php(354): CodeIgniter\CodeIgniter->handleRequest(null, Object(Config\Cache), false)
 7 SYSTEMPATH\Boot.php(363): CodeIgniter\CodeIgniter->run()
 8 SYSTEMPATH\Boot.php(68): CodeIgniter\Boot::runCodeIgniter(Object(CodeIgniter\CodeIgniter))
 9 FCPATH\index.php(59): CodeIgniter\Boot::bootWeb(Object(Config\Paths))
10 ROOTPATH\router.php(30): require_once('C:\\xampp\\htdocs\\jacket\\public\\index.php')
CRITICAL - 2025-09-01 16:58:57 --> CodeIgniter\View\Exceptions\ViewException: Invalid file: "admin/products/index.php"
[Method: GET, Route: admin/products]
in SYSTEMPATH\Exceptions\FrameworkException.php on line 39.
 1 SYSTEMPATH\View\View.php(214): CodeIgniter\Exceptions\FrameworkException::forInvalidFile('admin/products/index.php')
 2 SYSTEMPATH\Common.php(1167): CodeIgniter\View\View->render('admin/products/index', [], true)
 3 APPPATH\Controllers\Admin\Products.php(27): view('admin/products/index', [...])
 4 SYSTEMPATH\CodeIgniter.php(933): App\Controllers\Admin\Products->index()
 5 SYSTEMPATH\CodeIgniter.php(507): CodeIgniter\CodeIgniter->runController(Object(App\Controllers\Admin\Products))
 6 SYSTEMPATH\CodeIgniter.php(354): CodeIgniter\CodeIgniter->handleRequest(null, Object(Config\Cache), false)
 7 SYSTEMPATH\Boot.php(363): CodeIgniter\CodeIgniter->run()
 8 SYSTEMPATH\Boot.php(68): CodeIgniter\Boot::runCodeIgniter(Object(CodeIgniter\CodeIgniter))
 9 FCPATH\index.php(59): CodeIgniter\Boot::bootWeb(Object(Config\Paths))
10 ROOTPATH\router.php(30): require_once('C:\\xampp\\htdocs\\jacket\\public\\index.php')
CRITICAL - 2025-09-01 17:05:23 --> CodeIgniter\View\Exceptions\ViewException: Invalid file: "admin/categories/index.php"
[Method: GET, Route: admin/categories]
in SYSTEMPATH\Exceptions\FrameworkException.php on line 39.
 1 SYSTEMPATH\View\View.php(214): CodeIgniter\Exceptions\FrameworkException::forInvalidFile('admin/categories/index.php')
 2 SYSTEMPATH\Common.php(1167): CodeIgniter\View\View->render('admin/categories/index', [], true)
 3 APPPATH\Controllers\Admin\Categories.php(24): view('admin/categories/index', [...])
 4 SYSTEMPATH\CodeIgniter.php(933): App\Controllers\Admin\Categories->index()
 5 SYSTEMPATH\CodeIgniter.php(507): CodeIgniter\CodeIgniter->runController(Object(App\Controllers\Admin\Categories))
 6 SYSTEMPATH\CodeIgniter.php(354): CodeIgniter\CodeIgniter->handleRequest(null, Object(Config\Cache), false)
 7 SYSTEMPATH\Boot.php(363): CodeIgniter\CodeIgniter->run()
 8 SYSTEMPATH\Boot.php(68): CodeIgniter\Boot::runCodeIgniter(Object(CodeIgniter\CodeIgniter))
 9 FCPATH\index.php(59): CodeIgniter\Boot::bootWeb(Object(Config\Paths))
CRITICAL - 2025-09-01 17:10:36 --> CodeIgniter\View\Exceptions\ViewException: Invalid file: "admin/orders/index.php"
[Method: GET, Route: admin/orders]
in SYSTEMPATH\Exceptions\FrameworkException.php on line 39.
 1 SYSTEMPATH\View\View.php(214): CodeIgniter\Exceptions\FrameworkException::forInvalidFile('admin/orders/index.php')
 2 SYSTEMPATH\Common.php(1167): CodeIgniter\View\View->render('admin/orders/index', [], true)
 3 APPPATH\Controllers\Admin\Orders.php(24): view('admin/orders/index', [...])
 4 SYSTEMPATH\CodeIgniter.php(933): App\Controllers\Admin\Orders->index()
 5 SYSTEMPATH\CodeIgniter.php(507): CodeIgniter\CodeIgniter->runController(Object(App\Controllers\Admin\Orders))
 6 SYSTEMPATH\CodeIgniter.php(354): CodeIgniter\CodeIgniter->handleRequest(null, Object(Config\Cache), false)
 7 SYSTEMPATH\Boot.php(363): CodeIgniter\CodeIgniter->run()
 8 SYSTEMPATH\Boot.php(68): CodeIgniter\Boot::runCodeIgniter(Object(CodeIgniter\CodeIgniter))
 9 FCPATH\index.php(59): CodeIgniter\Boot::bootWeb(Object(Config\Paths))
CRITICAL - 2025-09-01 17:14:28 --> CodeIgniter\View\Exceptions\ViewException: Invalid file: "admin/products/create.php"
[Method: GET, Route: admin/products/create]
in SYSTEMPATH\Exceptions\FrameworkException.php on line 39.
 1 SYSTEMPATH\View\View.php(214): CodeIgniter\Exceptions\FrameworkException::forInvalidFile('admin/products/create.php')
 2 SYSTEMPATH\Common.php(1167): CodeIgniter\View\View->render('admin/products/create', [], true)
 3 APPPATH\Controllers\Admin\Products.php(37): view('admin/products/create', [...])
 4 SYSTEMPATH\CodeIgniter.php(933): App\Controllers\Admin\Products->create()
 5 SYSTEMPATH\CodeIgniter.php(507): CodeIgniter\CodeIgniter->runController(Object(App\Controllers\Admin\Products))
 6 SYSTEMPATH\CodeIgniter.php(354): CodeIgniter\CodeIgniter->handleRequest(null, Object(Config\Cache), false)
 7 SYSTEMPATH\Boot.php(363): CodeIgniter\CodeIgniter->run()
 8 SYSTEMPATH\Boot.php(68): CodeIgniter\Boot::runCodeIgniter(Object(CodeIgniter\CodeIgniter))
 9 FCPATH\index.php(59): CodeIgniter\Boot::bootWeb(Object(Config\Paths))
ERROR - 2025-09-01 17:22:32 --> mysqli_sql_exception: Table 'users' already exists in C:\xampp\htdocs\jacket\system\Database\MySQLi\Connection.php:327
Stack trace:
#0 C:\xampp\htdocs\jacket\system\Database\MySQLi\Connection.php(327): mysqli->query('CREATE TABLE `u...', 0)
#1 C:\xampp\htdocs\jacket\system\Database\BaseConnection.php(729): CodeIgniter\Database\MySQLi\Connection->execute('CREATE TABLE `u...')
#2 C:\xampp\htdocs\jacket\system\Database\BaseConnection.php(646): CodeIgniter\Database\BaseConnection->simpleQuery('CREATE TABLE `u...')
#3 C:\xampp\htdocs\jacket\system\Database\Forge.php(570): CodeIgniter\Database\BaseConnection->query('CREATE TABLE `u...')
#4 C:\xampp\htdocs\jacket\app\Database\Migrations\2024-01-01-000001_CreateUsersTable.php(53): CodeIgniter\Database\Forge->createTable('users')
#5 C:\xampp\htdocs\jacket\system\Database\MigrationRunner.php(876): App\Database\Migrations\CreateUsersTable->up()
#6 C:\xampp\htdocs\jacket\system\Database\MigrationRunner.php(182): CodeIgniter\Database\MigrationRunner->migrate('up', Object(stdClass))
#7 C:\xampp\htdocs\jacket\system\Commands\Database\Migrate.php(85): CodeIgniter\Database\MigrationRunner->latest(NULL)
#8 C:\xampp\htdocs\jacket\system\CLI\Commands.php(74): CodeIgniter\Commands\Database\Migrate->run(Array)
#9 C:\xampp\htdocs\jacket\system\CLI\Console.php(47): CodeIgniter\CLI\Commands->run('migrate', Array)
#10 C:\xampp\htdocs\jacket\system\Boot.php(388): CodeIgniter\CLI\Console->run()
#11 C:\xampp\htdocs\jacket\system\Boot.php(133): CodeIgniter\Boot::runCommand(Object(CodeIgniter\CLI\Console))
#12 C:\xampp\htdocs\jacket\spark(87): CodeIgniter\Boot::bootSpark(Object(Config\Paths))
#13 {main}
ERROR - 2025-09-01 17:43:24 --> mysqli_sql_exception: Table 'users' already exists in C:\xampp\htdocs\jacket\system\Database\MySQLi\Connection.php:327
Stack trace:
#0 C:\xampp\htdocs\jacket\system\Database\MySQLi\Connection.php(327): mysqli->query('CREATE TABLE `u...', 0)
#1 C:\xampp\htdocs\jacket\system\Database\BaseConnection.php(729): CodeIgniter\Database\MySQLi\Connection->execute('CREATE TABLE `u...')
#2 C:\xampp\htdocs\jacket\system\Database\BaseConnection.php(646): CodeIgniter\Database\BaseConnection->simpleQuery('CREATE TABLE `u...')
#3 C:\xampp\htdocs\jacket\system\Database\Forge.php(570): CodeIgniter\Database\BaseConnection->query('CREATE TABLE `u...')
#4 C:\xampp\htdocs\jacket\app\Database\Migrations\2024-01-01-000001_CreateUsersTable.php(53): CodeIgniter\Database\Forge->createTable('users')
#5 C:\xampp\htdocs\jacket\system\Database\MigrationRunner.php(876): App\Database\Migrations\CreateUsersTable->up()
#6 C:\xampp\htdocs\jacket\system\Database\MigrationRunner.php(182): CodeIgniter\Database\MigrationRunner->migrate('up', Object(stdClass))
#7 C:\xampp\htdocs\jacket\system\Commands\Database\Migrate.php(85): CodeIgniter\Database\MigrationRunner->latest(NULL)
#8 C:\xampp\htdocs\jacket\system\CLI\Commands.php(74): CodeIgniter\Commands\Database\Migrate->run(Array)
#9 C:\xampp\htdocs\jacket\system\CLI\Console.php(47): CodeIgniter\CLI\Commands->run('migrate', Array)
#10 C:\xampp\htdocs\jacket\system\Boot.php(388): CodeIgniter\CLI\Console->run()
#11 C:\xampp\htdocs\jacket\system\Boot.php(133): CodeIgniter\Boot::runCommand(Object(CodeIgniter\CLI\Console))
#12 C:\xampp\htdocs\jacket\spark(87): CodeIgniter\Boot::bootSpark(Object(Config\Paths))
#13 {main}
ERROR - 2025-09-01 17:44:27 --> mysqli_sql_exception: Table 'users' already exists in C:\xampp\htdocs\jacket\system\Database\MySQLi\Connection.php:327
Stack trace:
#0 C:\xampp\htdocs\jacket\system\Database\MySQLi\Connection.php(327): mysqli->query('CREATE TABLE `u...', 0)
#1 C:\xampp\htdocs\jacket\system\Database\BaseConnection.php(729): CodeIgniter\Database\MySQLi\Connection->execute('CREATE TABLE `u...')
#2 C:\xampp\htdocs\jacket\system\Database\BaseConnection.php(646): CodeIgniter\Database\BaseConnection->simpleQuery('CREATE TABLE `u...')
#3 C:\xampp\htdocs\jacket\system\Database\Forge.php(570): CodeIgniter\Database\BaseConnection->query('CREATE TABLE `u...')
#4 C:\xampp\htdocs\jacket\app\Database\Migrations\2024-01-01-000001_CreateUsersTable.php(53): CodeIgniter\Database\Forge->createTable('users')
#5 C:\xampp\htdocs\jacket\system\Database\MigrationRunner.php(876): App\Database\Migrations\CreateUsersTable->up()
#6 C:\xampp\htdocs\jacket\system\Database\MigrationRunner.php(182): CodeIgniter\Database\MigrationRunner->migrate('up', Object(stdClass))
#7 C:\xampp\htdocs\jacket\system\Commands\Database\Migrate.php(85): CodeIgniter\Database\MigrationRunner->latest(NULL)
#8 C:\xampp\htdocs\jacket\system\CLI\Commands.php(74): CodeIgniter\Commands\Database\Migrate->run(Array)
#9 C:\xampp\htdocs\jacket\system\CLI\Console.php(47): CodeIgniter\CLI\Commands->run('migrate', Array)
#10 C:\xampp\htdocs\jacket\system\Boot.php(388): CodeIgniter\CLI\Console->run()
#11 C:\xampp\htdocs\jacket\system\Boot.php(133): CodeIgniter\Boot::runCommand(Object(CodeIgniter\CLI\Console))
#12 C:\xampp\htdocs\jacket\spark(87): CodeIgniter\Boot::bootSpark(Object(Config\Paths))
#13 {main}
