CRITICAL - 2025-09-17 12:10:55 --> ErrorException: Undefined array key "canonical_url"
[Method: GET, Route: admin/categories/edit/1]
in APPPATH\Views\admin\categories\edit.php on line 108.
 1 APPPATH\Views\admin\categories\edit.php(108): CodeIgniter\Debug\Exceptions->errorHandler(2, 'Undefined array key "canonical_url"', 'C:\\xampp\\htdocs\\jacket\\app\\Views\\admin\\categories\\edit.php', 108)
 2 SYSTEMPATH\View\View.php(226): include('C:\\xampp\\htdocs\\jacket\\app\\Views\\admin\\categories\\edit.php')
 3 SYSTEMPATH\View\View.php(229): CodeIgniter\View\View->CodeIgniter\View\{closure}()
 4 SYSTEMPATH\Common.php(1167): CodeIgniter\View\View->render('admin/categories/edit', [], true)
 5 APPPATH\Controllers\Admin\Categories.php(114): view('admin/categories/edit', [...])
 6 SYSTEMPATH\CodeIgniter.php(933): App\Controllers\Admin\Categories->edit('1')
 7 SYSTEMPATH\CodeIgniter.php(507): CodeIgniter\CodeIgniter->runController(Object(App\Controllers\Admin\Categories))
 8 SYSTEMPATH\CodeIgniter.php(354): CodeIgniter\CodeIgniter->handleRequest(null, Object(Config\Cache), false)
 9 SYSTEMPATH\Boot.php(363): CodeIgniter\CodeIgniter->run()
10 SYSTEMPATH\Boot.php(68): CodeIgniter\Boot::runCodeIgniter(Object(CodeIgniter\CodeIgniter))
11 FCPATH\index.php(59): CodeIgniter\Boot::bootWeb(Object(Config\Paths))
ERROR - 2025-09-17 12:12:35 --> mysqli_sql_exception: Table 'categories' already exists in C:\xampp\htdocs\jacket\system\Database\MySQLi\Connection.php:327
Stack trace:
#0 C:\xampp\htdocs\jacket\system\Database\MySQLi\Connection.php(327): mysqli->query('CREATE TABLE `c...', 0)
#1 C:\xampp\htdocs\jacket\system\Database\BaseConnection.php(729): CodeIgniter\Database\MySQLi\Connection->execute('CREATE TABLE `c...')
#2 C:\xampp\htdocs\jacket\system\Database\BaseConnection.php(646): CodeIgniter\Database\BaseConnection->simpleQuery('CREATE TABLE `c...')
#3 C:\xampp\htdocs\jacket\system\Database\Forge.php(570): CodeIgniter\Database\BaseConnection->query('CREATE TABLE `c...')
#4 C:\xampp\htdocs\jacket\app\Database\Migrations\2024-01-01-000002_CreateCategoriesTable.php(78): CodeIgniter\Database\Forge->createTable('categories')
#5 C:\xampp\htdocs\jacket\system\Database\MigrationRunner.php(876): App\Database\Migrations\CreateCategoriesTable->up()
#6 C:\xampp\htdocs\jacket\system\Database\MigrationRunner.php(182): CodeIgniter\Database\MigrationRunner->migrate('up', Object(stdClass))
#7 C:\xampp\htdocs\jacket\system\Commands\Database\Migrate.php(85): CodeIgniter\Database\MigrationRunner->latest(NULL)
#8 C:\xampp\htdocs\jacket\system\CLI\Commands.php(74): CodeIgniter\Commands\Database\Migrate->run(Array)
#9 C:\xampp\htdocs\jacket\system\CLI\Console.php(47): CodeIgniter\CLI\Commands->run('migrate', Array)
#10 C:\xampp\htdocs\jacket\system\Boot.php(388): CodeIgniter\CLI\Console->run()
#11 C:\xampp\htdocs\jacket\system\Boot.php(133): CodeIgniter\Boot::runCommand(Object(CodeIgniter\CLI\Console))
#12 C:\xampp\htdocs\jacket\spark(87): CodeIgniter\Boot::bootSpark(Object(Config\Paths))
#13 {main}
ERROR - 2025-09-17 13:08:00 --> mysqli_sql_exception: Table 'categories' already exists in C:\xampp\htdocs\jacket\system\Database\MySQLi\Connection.php:327
Stack trace:
#0 C:\xampp\htdocs\jacket\system\Database\MySQLi\Connection.php(327): mysqli->query('CREATE TABLE `c...', 0)
#1 C:\xampp\htdocs\jacket\system\Database\BaseConnection.php(729): CodeIgniter\Database\MySQLi\Connection->execute('CREATE TABLE `c...')
#2 C:\xampp\htdocs\jacket\system\Database\BaseConnection.php(646): CodeIgniter\Database\BaseConnection->simpleQuery('CREATE TABLE `c...')
#3 C:\xampp\htdocs\jacket\system\Database\Forge.php(570): CodeIgniter\Database\BaseConnection->query('CREATE TABLE `c...')
#4 C:\xampp\htdocs\jacket\app\Database\Migrations\2024-01-01-000002_CreateCategoriesTable.php(78): CodeIgniter\Database\Forge->createTable('categories')
#5 C:\xampp\htdocs\jacket\system\Database\MigrationRunner.php(876): App\Database\Migrations\CreateCategoriesTable->up()
#6 C:\xampp\htdocs\jacket\system\Database\MigrationRunner.php(182): CodeIgniter\Database\MigrationRunner->migrate('up', Object(stdClass))
#7 C:\xampp\htdocs\jacket\system\Commands\Database\Migrate.php(85): CodeIgniter\Database\MigrationRunner->latest(NULL)
#8 C:\xampp\htdocs\jacket\system\CLI\Commands.php(74): CodeIgniter\Commands\Database\Migrate->run(Array)
#9 C:\xampp\htdocs\jacket\system\CLI\Console.php(47): CodeIgniter\CLI\Commands->run('migrate', Array)
#10 C:\xampp\htdocs\jacket\system\Boot.php(388): CodeIgniter\CLI\Console->run()
#11 C:\xampp\htdocs\jacket\system\Boot.php(133): CodeIgniter\Boot::runCommand(Object(CodeIgniter\CLI\Console))
#12 C:\xampp\htdocs\jacket\spark(87): CodeIgniter\Boot::bootSpark(Object(Config\Paths))
#13 {main}
ERROR - 2025-09-17 13:08:18 --> mysqli_sql_exception: Table 'categories' already exists in C:\xampp\htdocs\jacket\system\Database\MySQLi\Connection.php:327
Stack trace:
#0 C:\xampp\htdocs\jacket\system\Database\MySQLi\Connection.php(327): mysqli->query('CREATE TABLE `c...', 0)
#1 C:\xampp\htdocs\jacket\system\Database\BaseConnection.php(729): CodeIgniter\Database\MySQLi\Connection->execute('CREATE TABLE `c...')
#2 C:\xampp\htdocs\jacket\system\Database\BaseConnection.php(646): CodeIgniter\Database\BaseConnection->simpleQuery('CREATE TABLE `c...')
#3 C:\xampp\htdocs\jacket\system\Database\Forge.php(570): CodeIgniter\Database\BaseConnection->query('CREATE TABLE `c...')
#4 C:\xampp\htdocs\jacket\app\Database\Migrations\2024-01-01-000002_CreateCategoriesTable.php(78): CodeIgniter\Database\Forge->createTable('categories')
#5 C:\xampp\htdocs\jacket\system\Database\MigrationRunner.php(876): App\Database\Migrations\CreateCategoriesTable->up()
#6 C:\xampp\htdocs\jacket\system\Database\MigrationRunner.php(182): CodeIgniter\Database\MigrationRunner->migrate('up', Object(stdClass))
#7 C:\xampp\htdocs\jacket\system\Commands\Database\Migrate.php(85): CodeIgniter\Database\MigrationRunner->latest(NULL)
#8 C:\xampp\htdocs\jacket\system\CLI\Commands.php(74): CodeIgniter\Commands\Database\Migrate->run(Array)
#9 C:\xampp\htdocs\jacket\system\CLI\Console.php(47): CodeIgniter\CLI\Commands->run('migrate', Array)
#10 C:\xampp\htdocs\jacket\system\Boot.php(388): CodeIgniter\CLI\Console->run()
#11 C:\xampp\htdocs\jacket\system\Boot.php(133): CodeIgniter\Boot::runCommand(Object(CodeIgniter\CLI\Console))
#12 C:\xampp\htdocs\jacket\spark(87): CodeIgniter\Boot::bootSpark(Object(Config\Paths))
#13 {main}
