CRITICAL - 2025-09-03 07:56:16 --> Error: Call to undefined method CodeIgniter\View\View::hasSection()
[Method: GET, Route: product/dsi8sa]
in APPPATH\Views\layouts\base.php on line 619.
 1 SYSTEMPATH\View\View.php(226): include()
 2 SYSTEMPATH\View\View.php(229): CodeIgniter\View\View->CodeIgniter\View\{closure}()
 3 SYSTEMPATH\View\View.php(242): CodeIgniter\View\View->render('layouts/base', [], true)
 4 SYSTEMPATH\Common.php(1167): CodeIgniter\View\View->render('shop/product', [], true)
 5 APPPATH\Controllers\Shop.php(262): view('shop/product', [...])
 6 SYSTEMPATH\CodeIgniter.php(933): App\Controllers\Shop->product('dsi8sa')
 7 SYSTEMPATH\CodeIgniter.php(507): CodeIgniter\CodeIgniter->runController(Object(App\Controllers\Shop))
 8 SYSTEMPATH\CodeIgniter.php(354): CodeIgniter\CodeIgniter->handleRequest(null, Object(Config\Cache), false)
 9 SYSTEMPATH\Boot.php(363): CodeIgniter\CodeIgniter->run()
10 SYSTEMPATH\Boot.php(68): CodeIgniter\Boot::runCodeIgniter(Object(CodeIgniter\CodeIgniter))
11 FCPATH\index.php(59): CodeIgniter\Boot::bootWeb(Object(Config\Paths))
CRITICAL - 2025-09-03 07:56:17 --> Error: Call to undefined method CodeIgniter\View\View::hasSection()
[Method: GET, Route: product/dsi8sa]
in APPPATH\Views\layouts\base.php on line 619.
 1 SYSTEMPATH\View\View.php(226): include()
 2 SYSTEMPATH\View\View.php(229): CodeIgniter\View\View->CodeIgniter\View\{closure}()
 3 SYSTEMPATH\View\View.php(242): CodeIgniter\View\View->render('layouts/base', [], true)
 4 SYSTEMPATH\Common.php(1167): CodeIgniter\View\View->render('shop/product', [], true)
 5 APPPATH\Controllers\Shop.php(262): view('shop/product', [...])
 6 SYSTEMPATH\CodeIgniter.php(933): App\Controllers\Shop->product('dsi8sa')
 7 SYSTEMPATH\CodeIgniter.php(507): CodeIgniter\CodeIgniter->runController(Object(App\Controllers\Shop))
 8 SYSTEMPATH\CodeIgniter.php(354): CodeIgniter\CodeIgniter->handleRequest(null, Object(Config\Cache), false)
 9 SYSTEMPATH\Boot.php(363): CodeIgniter\CodeIgniter->run()
10 SYSTEMPATH\Boot.php(68): CodeIgniter\Boot::runCodeIgniter(Object(CodeIgniter\CodeIgniter))
11 FCPATH\index.php(59): CodeIgniter\Boot::bootWeb(Object(Config\Paths))
CRITICAL - 2025-09-03 07:56:17 --> Error: Call to undefined method CodeIgniter\View\View::hasSection()
[Method: GET, Route: product/dsi8sa]
in APPPATH\Views\layouts\base.php on line 619.
 1 SYSTEMPATH\View\View.php(226): include()
 2 SYSTEMPATH\View\View.php(229): CodeIgniter\View\View->CodeIgniter\View\{closure}()
 3 SYSTEMPATH\View\View.php(242): CodeIgniter\View\View->render('layouts/base', [], true)
 4 SYSTEMPATH\Common.php(1167): CodeIgniter\View\View->render('shop/product', [], true)
 5 APPPATH\Controllers\Shop.php(262): view('shop/product', [...])
 6 SYSTEMPATH\CodeIgniter.php(933): App\Controllers\Shop->product('dsi8sa')
 7 SYSTEMPATH\CodeIgniter.php(507): CodeIgniter\CodeIgniter->runController(Object(App\Controllers\Shop))
 8 SYSTEMPATH\CodeIgniter.php(354): CodeIgniter\CodeIgniter->handleRequest(null, Object(Config\Cache), false)
 9 SYSTEMPATH\Boot.php(363): CodeIgniter\CodeIgniter->run()
10 SYSTEMPATH\Boot.php(68): CodeIgniter\Boot::runCodeIgniter(Object(CodeIgniter\CodeIgniter))
11 FCPATH\index.php(59): CodeIgniter\Boot::bootWeb(Object(Config\Paths))
CRITICAL - 2025-09-03 07:56:17 --> Error: Call to undefined method CodeIgniter\View\View::hasSection()
[Method: GET, Route: product/dsi8sa]
in APPPATH\Views\layouts\base.php on line 619.
 1 SYSTEMPATH\View\View.php(226): include()
 2 SYSTEMPATH\View\View.php(229): CodeIgniter\View\View->CodeIgniter\View\{closure}()
 3 SYSTEMPATH\View\View.php(242): CodeIgniter\View\View->render('layouts/base', [], true)
 4 SYSTEMPATH\Common.php(1167): CodeIgniter\View\View->render('shop/product', [], true)
 5 APPPATH\Controllers\Shop.php(262): view('shop/product', [...])
 6 SYSTEMPATH\CodeIgniter.php(933): App\Controllers\Shop->product('dsi8sa')
 7 SYSTEMPATH\CodeIgniter.php(507): CodeIgniter\CodeIgniter->runController(Object(App\Controllers\Shop))
 8 SYSTEMPATH\CodeIgniter.php(354): CodeIgniter\CodeIgniter->handleRequest(null, Object(Config\Cache), false)
 9 SYSTEMPATH\Boot.php(363): CodeIgniter\CodeIgniter->run()
10 SYSTEMPATH\Boot.php(68): CodeIgniter\Boot::runCodeIgniter(Object(CodeIgniter\CodeIgniter))
11 FCPATH\index.php(59): CodeIgniter\Boot::bootWeb(Object(Config\Paths))
CRITICAL - 2025-09-03 07:56:17 --> Error: Call to undefined method CodeIgniter\View\View::hasSection()
[Method: GET, Route: product/dsi8sa]
in APPPATH\Views\layouts\base.php on line 619.
 1 SYSTEMPATH\View\View.php(226): include()
 2 SYSTEMPATH\View\View.php(229): CodeIgniter\View\View->CodeIgniter\View\{closure}()
 3 SYSTEMPATH\View\View.php(242): CodeIgniter\View\View->render('layouts/base', [], true)
 4 SYSTEMPATH\Common.php(1167): CodeIgniter\View\View->render('shop/product', [], true)
 5 APPPATH\Controllers\Shop.php(262): view('shop/product', [...])
 6 SYSTEMPATH\CodeIgniter.php(933): App\Controllers\Shop->product('dsi8sa')
 7 SYSTEMPATH\CodeIgniter.php(507): CodeIgniter\CodeIgniter->runController(Object(App\Controllers\Shop))
 8 SYSTEMPATH\CodeIgniter.php(354): CodeIgniter\CodeIgniter->handleRequest(null, Object(Config\Cache), false)
 9 SYSTEMPATH\Boot.php(363): CodeIgniter\CodeIgniter->run()
10 SYSTEMPATH\Boot.php(68): CodeIgniter\Boot::runCodeIgniter(Object(CodeIgniter\CodeIgniter))
11 FCPATH\index.php(59): CodeIgniter\Boot::bootWeb(Object(Config\Paths))
CRITICAL - 2025-09-03 07:56:17 --> Error: Call to undefined method CodeIgniter\View\View::hasSection()
[Method: GET, Route: product/dsi8sa]
in APPPATH\Views\layouts\base.php on line 619.
 1 SYSTEMPATH\View\View.php(226): include()
 2 SYSTEMPATH\View\View.php(229): CodeIgniter\View\View->CodeIgniter\View\{closure}()
 3 SYSTEMPATH\View\View.php(242): CodeIgniter\View\View->render('layouts/base', [], true)
 4 SYSTEMPATH\Common.php(1167): CodeIgniter\View\View->render('shop/product', [], true)
 5 APPPATH\Controllers\Shop.php(262): view('shop/product', [...])
 6 SYSTEMPATH\CodeIgniter.php(933): App\Controllers\Shop->product('dsi8sa')
 7 SYSTEMPATH\CodeIgniter.php(507): CodeIgniter\CodeIgniter->runController(Object(App\Controllers\Shop))
 8 SYSTEMPATH\CodeIgniter.php(354): CodeIgniter\CodeIgniter->handleRequest(null, Object(Config\Cache), false)
 9 SYSTEMPATH\Boot.php(363): CodeIgniter\CodeIgniter->run()
10 SYSTEMPATH\Boot.php(68): CodeIgniter\Boot::runCodeIgniter(Object(CodeIgniter\CodeIgniter))
11 FCPATH\index.php(59): CodeIgniter\Boot::bootWeb(Object(Config\Paths))
CRITICAL - 2025-09-03 07:56:17 --> Error: Call to undefined method CodeIgniter\View\View::hasSection()
[Method: GET, Route: product/dsi8sa]
in APPPATH\Views\layouts\base.php on line 619.
 1 SYSTEMPATH\View\View.php(226): include()
 2 SYSTEMPATH\View\View.php(229): CodeIgniter\View\View->CodeIgniter\View\{closure}()
 3 SYSTEMPATH\View\View.php(242): CodeIgniter\View\View->render('layouts/base', [], true)
 4 SYSTEMPATH\Common.php(1167): CodeIgniter\View\View->render('shop/product', [], true)
 5 APPPATH\Controllers\Shop.php(262): view('shop/product', [...])
 6 SYSTEMPATH\CodeIgniter.php(933): App\Controllers\Shop->product('dsi8sa')
 7 SYSTEMPATH\CodeIgniter.php(507): CodeIgniter\CodeIgniter->runController(Object(App\Controllers\Shop))
 8 SYSTEMPATH\CodeIgniter.php(354): CodeIgniter\CodeIgniter->handleRequest(null, Object(Config\Cache), false)
 9 SYSTEMPATH\Boot.php(363): CodeIgniter\CodeIgniter->run()
10 SYSTEMPATH\Boot.php(68): CodeIgniter\Boot::runCodeIgniter(Object(CodeIgniter\CodeIgniter))
11 FCPATH\index.php(59): CodeIgniter\Boot::bootWeb(Object(Config\Paths))
CRITICAL - 2025-09-03 07:56:17 --> Error: Call to undefined method CodeIgniter\View\View::hasSection()
[Method: GET, Route: product/dsi8sa]
in APPPATH\Views\layouts\base.php on line 619.
 1 SYSTEMPATH\View\View.php(226): include()
 2 SYSTEMPATH\View\View.php(229): CodeIgniter\View\View->CodeIgniter\View\{closure}()
 3 SYSTEMPATH\View\View.php(242): CodeIgniter\View\View->render('layouts/base', [], true)
 4 SYSTEMPATH\Common.php(1167): CodeIgniter\View\View->render('shop/product', [], true)
 5 APPPATH\Controllers\Shop.php(262): view('shop/product', [...])
 6 SYSTEMPATH\CodeIgniter.php(933): App\Controllers\Shop->product('dsi8sa')
 7 SYSTEMPATH\CodeIgniter.php(507): CodeIgniter\CodeIgniter->runController(Object(App\Controllers\Shop))
 8 SYSTEMPATH\CodeIgniter.php(354): CodeIgniter\CodeIgniter->handleRequest(null, Object(Config\Cache), false)
 9 SYSTEMPATH\Boot.php(363): CodeIgniter\CodeIgniter->run()
10 SYSTEMPATH\Boot.php(68): CodeIgniter\Boot::runCodeIgniter(Object(CodeIgniter\CodeIgniter))
11 FCPATH\index.php(59): CodeIgniter\Boot::bootWeb(Object(Config\Paths))
CRITICAL - 2025-09-03 07:56:17 --> Error: Call to undefined method CodeIgniter\View\View::hasSection()
[Method: GET, Route: product/dsi8sa]
in APPPATH\Views\layouts\base.php on line 619.
 1 SYSTEMPATH\View\View.php(226): include()
 2 SYSTEMPATH\View\View.php(229): CodeIgniter\View\View->CodeIgniter\View\{closure}()
 3 SYSTEMPATH\View\View.php(242): CodeIgniter\View\View->render('layouts/base', [], true)
 4 SYSTEMPATH\Common.php(1167): CodeIgniter\View\View->render('shop/product', [], true)
 5 APPPATH\Controllers\Shop.php(262): view('shop/product', [...])
 6 SYSTEMPATH\CodeIgniter.php(933): App\Controllers\Shop->product('dsi8sa')
 7 SYSTEMPATH\CodeIgniter.php(507): CodeIgniter\CodeIgniter->runController(Object(App\Controllers\Shop))
 8 SYSTEMPATH\CodeIgniter.php(354): CodeIgniter\CodeIgniter->handleRequest(null, Object(Config\Cache), false)
 9 SYSTEMPATH\Boot.php(363): CodeIgniter\CodeIgniter->run()
10 SYSTEMPATH\Boot.php(68): CodeIgniter\Boot::runCodeIgniter(Object(CodeIgniter\CodeIgniter))
11 FCPATH\index.php(59): CodeIgniter\Boot::bootWeb(Object(Config\Paths))
